<?xml version="1.0" encoding="UTF-8"?>
<testng-results ignored="0" total="1" passed="1" failed="0" skipped="0">
  <reporter-output>
  </reporter-output>
  <suite started-at="2023-12-10T14:14:48 IST" name="Default suite" finished-at="2023-12-10T14:15:34 IST" duration-ms="45939">
    <groups>
    </groups>
    <test started-at="2023-12-10T14:14:48 IST" name="Default test" finished-at="2023-12-10T14:15:34 IST" duration-ms="45939">
      <class name="com.actitime.testscript.CustomerModule">
        <test-method is-config="true" signature="openBrowser()[pri:0, instance:com.actitime.testscript.CustomerModule@7c6908d7]" started-at="2023-12-10T14:14:48 IST" name="openBrowser" finished-at="2023-12-10T14:14:52 IST" duration-ms="4350" status="PASS">
          <reporter-output>
          </reporter-output>
        </test-method> <!-- openBrowser -->
        <test-method is-config="true" signature="login()[pri:0, instance:com.actitime.testscript.CustomerModule@7c6908d7]" started-at="2023-12-10T14:14:52 IST" name="login" finished-at="2023-12-10T14:14:53 IST" duration-ms="299" status="PASS">
          <reporter-output>
          </reporter-output>
        </test-method> <!-- login -->
        <test-method signature="createAndDeleteCustomer()[pri:0, instance:com.actitime.testscript.CustomerModule@7c6908d7]" started-at="2023-12-10T14:14:53 IST" name="createAndDeleteCustomer" finished-at="2023-12-10T14:15:33 IST" duration-ms="40685" status="PASS">
          <reporter-output>
          </reporter-output>
        </test-method> <!-- createAndDeleteCustomer -->
        <test-method is-config="true" signature="logout()[pri:0, instance:com.actitime.testscript.CustomerModule@7c6908d7]" started-at="2023-12-10T14:15:33 IST" name="logout" finished-at="2023-12-10T14:15:34 IST" duration-ms="244" status="PASS">
          <reporter-output>
          </reporter-output>
        </test-method> <!-- logout -->
        <test-method is-config="true" signature="closeBrowser()[pri:0, instance:com.actitime.testscript.CustomerModule@7c6908d7]" started-at="2023-12-10T14:15:34 IST" name="closeBrowser" finished-at="2023-12-10T14:15:34 IST" duration-ms="310" status="PASS">
          <reporter-output>
          </reporter-output>
        </test-method> <!-- closeBrowser -->
      </class> <!-- com.actitime.testscript.CustomerModule -->
    </test> <!-- Default test -->
  </suite> <!-- Default suite -->
</testng-results>
